  game.cpp
G:\GitHub\Pong\Ping-Pong\game.cpp(166,43): warning C4244: '=' : conversion de 'float' en 'int', perte possible de données
G:\GitHub\Pong\Ping-Pong\game.cpp(167,43): warning C4244: '=' : conversion de 'float' en 'int', perte possible de données
G:\GitHub\Pong\Ping-Pong\game.cpp(169,44): warning C4244: '=' : conversion de 'float' en 'int', perte possible de données
G:\GitHub\Pong\Ping-Pong\game.cpp(170,44): warning C4244: '=' : conversion de 'float' en 'int', perte possible de données
G:\GitHub\Pong\Ping-Pong\game.cpp(202,21): warning C4244: '*=' : conversion de 'double' en 'int', perte possible de données
G:\GitHub\Pong\Ping-Pong\game.cpp(208,31): warning C4305: '+=' : troncation de 'double' à 'float'
G:\GitHub\Pong\Ping-Pong\game.cpp(214,21): warning C4244: '*=' : conversion de 'double' en 'int', perte possible de données
G:\GitHub\Pong\Ping-Pong\game.cpp(218,30): warning C4305: '+=' : troncation de 'double' à 'float'
G:\GitHub\Pong\Ping-Pong\game.cpp(243,37): warning C4838: la conversion de 'float' en 'int' requiert une conversion restrictive
G:\GitHub\Pong\Ping-Pong\game.cpp(243,37): warning C4244: 'initialisation' : conversion de 'float' en 'int', perte possible de données
G:\GitHub\Pong\Ping-Pong\game.cpp(243,57): warning C4838: la conversion de 'float' en 'int' requiert une conversion restrictive
G:\GitHub\Pong\Ping-Pong\game.cpp(243,57): warning C4244: 'initialisation' : conversion de 'float' en 'int', perte possible de données
G:\GitHub\Pong\Ping-Pong\game.cpp(247,37): warning C4838: la conversion de 'float' en 'int' requiert une conversion restrictive
G:\GitHub\Pong\Ping-Pong\game.cpp(247,37): warning C4244: 'initialisation' : conversion de 'float' en 'int', perte possible de données
G:\GitHub\Pong\Ping-Pong\game.cpp(247,57): warning C4838: la conversion de 'float' en 'int' requiert une conversion restrictive
G:\GitHub\Pong\Ping-Pong\game.cpp(247,57): warning C4244: 'initialisation' : conversion de 'float' en 'int', perte possible de données
G:\GitHub\Pong\Ping-Pong\game.cpp(251,25): warning C4838: la conversion de 'float' en 'int' requiert une conversion restrictive
G:\GitHub\Pong\Ping-Pong\game.cpp(251,25): warning C4244: 'initialisation' : conversion de 'float' en 'int', perte possible de données
G:\GitHub\Pong\Ping-Pong\game.cpp(251,36): warning C4838: la conversion de 'float' en 'int' requiert une conversion restrictive
G:\GitHub\Pong\Ping-Pong\game.cpp(251,36): warning C4244: 'initialisation' : conversion de 'float' en 'int', perte possible de données
  Ping-Pong.vcxproj -> G:\GitHub\Pong\x64\Debug\Ping-Pong.exe
